==14024== Memcheck, a memory error detector
==14024== Copyright (C) 2002-2011, and GNU GPL'd, by Julian Seward et al.
==14024== Using Valgrind-3.7.0 and LibVEX; rerun with -h for copyright info
==14024== Command: ./ex6
==14024== 
wt1 = 90 pounds
wt2 = 85 pounds
wt3 = 115 pounds
wt4 = 3 stone, 0 pounds
wt5 = 2 pounds
wt6 = 84 pounds
wt1 + wt2 = 12 stone, 7 pounds
wt3 - wt2 = 30 pounds
wt4 * wt5 = 84 pounds
wt2 < wt1 is true
wt1 <= wt2 is false
wt3 > wt4 is true
wt4 >= wt5 is true
wt4 * wt5 == wt6 is true
wt5 != wt6 is true
==14024== 
==14024== HEAP SUMMARY:
==14024==     in use at exit: 0 bytes in 0 blocks
==14024==   total heap usage: 0 allocs, 0 frees, 0 bytes allocated
==14024== 
==14024== All heap blocks were freed -- no leaks are possible
==14024== 
==14024== For counts of detected and suppressed errors, rerun with: -v
==14024== ERROR SUMMARY: 0 errors from 0 contexts (suppressed: 0 from 0)
